Using pre-set license
Built from '2020.3/release' branch; Version is '2020.3.2f1 (8fd9074bf66c) revision 9427207'; Using compiler version '192528614'; Build Type 'Release'
OS: 'Windows 10 Home; OS build 19041.264; Version 2004; 64bit' Language: 'ko' Physical Memory: 16318 MB
BatchMode: 1, IsHumanControllingUs: 0, StartBugReporterOnCrash: 0, Is64bit: 1, IsPro: 0

 COMMAND LINE ARGUMENTS:
C:\Program Files\Unity\Hub\Editor\2020.3.2f1\Editor\Unity.exe
-adb2
-batchMode
-noUpm
-name
AssetImportWorker0
-projectPath
C:/Users/G/Desktop/khh/Unity/Practice1
-logFile
Logs/AssetImportWorker0.log
-srvPort
51325
Successfully changed project path to: C:/Users/G/Desktop/khh/Unity/Practice1
C:/Users/G/Desktop/khh/Unity/Practice1
Using Asset Import Pipeline V2.
Refreshing native plugins compatible for Editor in 20.61 ms, found 0 plugins.
Preloading 0 native plugins for Editor in 0.00 ms.
Initialize engine version: 2020.3.2f1 (8fd9074bf66c)
[Subsystems] Discovering subsystems at path C:/Program Files/Unity/Hub/Editor/2020.3.2f1/Editor/Data/Resources/UnitySubsystems
[Subsystems] Discovering subsystems at path C:/Users/G/Desktop/khh/Unity/Practice1/Assets
GfxDevice: creating device client; threaded=0
Direct3D:
    Version:  Direct3D 11.0 [level 11.1]
    Renderer: NVIDIA GeForce GTX 1660 (ID=0x2184)
    Vendor:   
    VRAM:     5991 MB
    Driver:   26.21.14.3200
Initialize mono
Mono path[0] = 'C:/Program Files/Unity/Hub/Editor/2020.3.2f1/Editor/Data/Managed'
Mono path[1] = 'C:/Program Files/Unity/Hub/Editor/2020.3.2f1/Editor/Data/MonoBleedingEdge/lib/mono/unityjit'
Mono config path = 'C:/Program Files/Unity/Hub/Editor/2020.3.2f1/Editor/Data/MonoBleedingEdge/etc'
Using monoOptions --debugger-agent=transport=dt_socket,embedding=1,server=y,suspend=n,address=127.0.0.1:56296
Begin MonoManager ReloadAssembly
Registering precompiled unity dll's ...
Register platform support module: C:/Program Files/Unity/Hub/Editor/2020.3.2f1/Editor/Data/PlaybackEngines/WindowsStandaloneSupport/UnityEditor.WindowsStandalone.Extensions.dll
Registered in 0.000756 seconds.
Native extension for WindowsStandalone target not found
Refreshing native plugins compatible for Editor in 18.43 ms, found 0 plugins.
Preloading 0 native plugins for Editor in 0.00 ms.
Invoked RoslynAnalysisRunner static constructor.
RoslynAnalysisRunner will not be running.
RoslynAnalysisRunner has terminated.
Mono: successfully reloaded assembly
- Completed reload, in  1.219 seconds
Platform modules already initialized, skipping
Registering precompiled user dll's ...
Registered in 0.000338 seconds.
Begin MonoManager ReloadAssembly
Native extension for WindowsStandalone target not found
Refreshing native plugins compatible for Editor in 0.17 ms, found 0 plugins.
Preloading 0 native plugins for Editor in 0.00 ms.
Invoked RoslynAnalysisRunner static constructor.
RoslynAnalysisRunner will not be running.
RoslynAnalysisRunner has terminated.
Mono: successfully reloaded assembly
- Completed reload, in  0.650 seconds
Platform modules already initialized, skipping
========================================================================
Worker process is ready to serve import requests
Launched and connected shader compiler UnityShaderCompiler.exe after 0.03 seconds
Refreshing native plugins compatible for Editor in 0.21 ms, found 0 plugins.
Preloading 0 native plugins for Editor in 0.00 ms.
Unloading 1116 Unused Serialized files (Serialized files now loaded: 0)
System memory in use before: 57.3 MB.
System memory in use after: 57.3 MB.

Unloading 10 unused Assets to reduce memory usage. Loaded Objects now: 1558.
Total: 1.608800 ms (FindLiveObjects: 0.193100 ms CreateObjectMapping: 0.064100 ms MarkObjects: 1.289000 ms  DeleteObjects: 0.061800 ms)

========================================================================
Received Import Request.
  path: Assets/Practice.cs
  artifactKey: Guid(8486d6fc10bf67543a547dfe3834b47e) Importer(815301076,1909f56bfc062723c751e8b465ee728b)
Start importing Assets/Practice.cs using Guid(8486d6fc10bf67543a547dfe3834b47e) Importer(815301076,1909f56bfc062723c751e8b465ee728b)  -> (artifact id: '14ce6a4fdc74ffe6046965ce717b5138') in 0.122279 seconds
  Import took 0.123935 seconds .

========================================================================
Received Prepare
Registering precompiled user dll's ...
Registered in 0.000311 seconds.
Begin MonoManager ReloadAssembly
Native extension for WindowsStandalone target not found
Refreshing native plugins compatible for Editor in 0.19 ms, found 0 plugins.
Preloading 0 native plugins for Editor in 0.00 ms.
Invoked RoslynAnalysisRunner static constructor.
RoslynAnalysisRunner will not be running.
RoslynAnalysisRunner has terminated.
Mono: successfully reloaded assembly
- Completed reload, in  0.645 seconds
Platform modules already initialized, skipping
Refreshing native plugins compatible for Editor in 0.19 ms, found 0 plugins.
Preloading 0 native plugins for Editor in 0.00 ms.
Unloading 1111 Unused Serialized files (Serialized files now loaded: 0)
System memory in use before: 57.2 MB.
System memory in use after: 57.3 MB.

Unloading 5 unused Assets to reduce memory usage. Loaded Objects now: 1561.
Total: 1.538900 ms (FindLiveObjects: 0.172000 ms CreateObjectMapping: 0.040200 ms MarkObjects: 1.276300 ms  DeleteObjects: 0.049500 ms)

========================================================================
Received Import Request.
  Time since last request: 329.335810 seconds.
  path: Assets/Practice.cs
  artifactKey: Guid(8486d6fc10bf67543a547dfe3834b47e) Importer(815301076,1909f56bfc062723c751e8b465ee728b)
Start importing Assets/Practice.cs using Guid(8486d6fc10bf67543a547dfe3834b47e) Importer(815301076,1909f56bfc062723c751e8b465ee728b)  -> (artifact id: 'bfd82f171eea73355918f5911284b55e') in 0.003367 seconds
  Import took 0.006154 seconds .

========================================================================
Received Prepare
Registering precompiled user dll's ...
Registered in 0.000315 seconds.
Begin MonoManager ReloadAssembly
Native extension for WindowsStandalone target not found
Refreshing native plugins compatible for Editor in 0.18 ms, found 0 plugins.
Preloading 0 native plugins for Editor in 0.00 ms.
Invoked RoslynAnalysisRunner static constructor.
RoslynAnalysisRunner will not be running.
RoslynAnalysisRunner has terminated.
Mono: successfully reloaded assembly
- Completed reload, in  0.631 seconds
Platform modules already initialized, skipping
Refreshing native plugins compatible for Editor in 0.43 ms, found 0 plugins.
Preloading 0 native plugins for Editor in 0.00 ms.
Unloading 1111 Unused Serialized files (Serialized files now loaded: 0)
System memory in use before: 57.3 MB.
System memory in use after: 57.3 MB.

Unloading 5 unused Assets to reduce memory usage. Loaded Objects now: 1564.
Total: 3.084800 ms (FindLiveObjects: 0.658000 ms CreateObjectMapping: 0.131500 ms MarkObjects: 2.247000 ms  DeleteObjects: 0.046500 ms)

========================================================================
Received Import Request.
  Time since last request: 453.506284 seconds.
  path: Assets/Practice.cs
  artifactKey: Guid(8486d6fc10bf67543a547dfe3834b47e) Importer(815301076,1909f56bfc062723c751e8b465ee728b)
Start importing Assets/Practice.cs using Guid(8486d6fc10bf67543a547dfe3834b47e) Importer(815301076,1909f56bfc062723c751e8b465ee728b)  -> (artifact id: '85c1650483e5a91b17b7e163d1aedd03') in 0.004499 seconds
  Import took 0.008159 seconds .

========================================================================
Received Prepare
Registering precompiled user dll's ...
Registered in 0.000320 seconds.
Begin MonoManager ReloadAssembly
Native extension for WindowsStandalone target not found
Refreshing native plugins compatible for Editor in 0.19 ms, found 0 plugins.
Preloading 0 native plugins for Editor in 0.00 ms.
Invoked RoslynAnalysisRunner static constructor.
RoslynAnalysisRunner will not be running.
RoslynAnalysisRunner has terminated.
Mono: successfully reloaded assembly
- Completed reload, in  0.617 seconds
Platform modules already initialized, skipping
Refreshing native plugins compatible for Editor in 0.25 ms, found 0 plugins.
Preloading 0 native plugins for Editor in 0.00 ms.
Unloading 1111 Unused Serialized files (Serialized files now loaded: 0)
System memory in use before: 57.3 MB.
System memory in use after: 57.3 MB.

Unloading 5 unused Assets to reduce memory usage. Loaded Objects now: 1567.
Total: 1.625200 ms (FindLiveObjects: 0.204900 ms CreateObjectMapping: 0.051000 ms MarkObjects: 1.328400 ms  DeleteObjects: 0.039300 ms)

========================================================================
Received Import Request.
  Time since last request: 115.515076 seconds.
  path: Assets/Practice.cs
  artifactKey: Guid(8486d6fc10bf67543a547dfe3834b47e) Importer(815301076,1909f56bfc062723c751e8b465ee728b)
Start importing Assets/Practice.cs using Guid(8486d6fc10bf67543a547dfe3834b47e) Importer(815301076,1909f56bfc062723c751e8b465ee728b)  -> (artifact id: '57139108bc88669441cc5e6f167b07b1') in 0.003184 seconds
  Import took 0.005904 seconds .

========================================================================
Received Prepare
Registering precompiled user dll's ...
Registered in 0.000341 seconds.
Begin MonoManager ReloadAssembly
Native extension for WindowsStandalone target not found
Refreshing native plugins compatible for Editor in 0.21 ms, found 0 plugins.
Preloading 0 native plugins for Editor in 0.00 ms.
Invoked RoslynAnalysisRunner static constructor.
RoslynAnalysisRunner will not be running.
RoslynAnalysisRunner has terminated.
Mono: successfully reloaded assembly
- Completed reload, in  0.619 seconds
Platform modules already initialized, skipping
Refreshing native plugins compatible for Editor in 0.19 ms, found 0 plugins.
Preloading 0 native plugins for Editor in 0.00 ms.
Unloading 1111 Unused Serialized files (Serialized files now loaded: 0)
System memory in use before: 57.3 MB.
System memory in use after: 57.4 MB.

Unloading 5 unused Assets to reduce memory usage. Loaded Objects now: 1570.
Total: 1.489100 ms (FindLiveObjects: 0.130900 ms CreateObjectMapping: 0.039200 ms MarkObjects: 1.272800 ms  DeleteObjects: 0.045200 ms)

========================================================================
Received Import Request.
  Time since last request: 81.103789 seconds.
  path: Assets/Practice.cs
  artifactKey: Guid(8486d6fc10bf67543a547dfe3834b47e) Importer(815301076,1909f56bfc062723c751e8b465ee728b)
Start importing Assets/Practice.cs using Guid(8486d6fc10bf67543a547dfe3834b47e) Importer(815301076,1909f56bfc062723c751e8b465ee728b)  -> (artifact id: 'fac0c4099955dc2af73b8fbcf4cd06bb') in 0.003455 seconds
  Import took 0.006019 seconds .

========================================================================
Received Prepare
Registering precompiled user dll's ...
Registered in 0.000329 seconds.
Begin MonoManager ReloadAssembly
Native extension for WindowsStandalone target not found
Refreshing native plugins compatible for Editor in 0.18 ms, found 0 plugins.
Preloading 0 native plugins for Editor in 0.00 ms.
Invoked RoslynAnalysisRunner static constructor.
RoslynAnalysisRunner will not be running.
RoslynAnalysisRunner has terminated.
Mono: successfully reloaded assembly
- Completed reload, in  0.597 seconds
Platform modules already initialized, skipping
Refreshing native plugins compatible for Editor in 0.18 ms, found 0 plugins.
Preloading 0 native plugins for Editor in 0.00 ms.
Unloading 1111 Unused Serialized files (Serialized files now loaded: 0)
System memory in use before: 57.3 MB.
System memory in use after: 57.4 MB.

Unloading 5 unused Assets to reduce memory usage. Loaded Objects now: 1573.
Total: 3.619100 ms (FindLiveObjects: 0.279000 ms CreateObjectMapping: 0.091100 ms MarkObjects: 3.159200 ms  DeleteObjects: 0.087800 ms)

========================================================================
Received Import Request.
  Time since last request: 496.040751 seconds.
  path: Assets/Practice.cs
  artifactKey: Guid(8486d6fc10bf67543a547dfe3834b47e) Importer(815301076,1909f56bfc062723c751e8b465ee728b)
Start importing Assets/Practice.cs using Guid(8486d6fc10bf67543a547dfe3834b47e) Importer(815301076,1909f56bfc062723c751e8b465ee728b)  -> (artifact id: '42b741fe2bb3c9e9e9b7c830a2d18244') in 0.036562 seconds
  Import took 0.040890 seconds .

========================================================================
Received Prepare
Registering precompiled user dll's ...
Registered in 0.000382 seconds.
Begin MonoManager ReloadAssembly
Native extension for WindowsStandalone target not found
Refreshing native plugins compatible for Editor in 0.18 ms, found 0 plugins.
Preloading 0 native plugins for Editor in 0.00 ms.
Invoked RoslynAnalysisRunner static constructor.
RoslynAnalysisRunner will not be running.
RoslynAnalysisRunner has terminated.
Mono: successfully reloaded assembly
- Completed reload, in  0.588 seconds
Platform modules already initialized, skipping
Refreshing native plugins compatible for Editor in 0.18 ms, found 0 plugins.
Preloading 0 native plugins for Editor in 0.00 ms.
Unloading 1111 Unused Serialized files (Serialized files now loaded: 0)
System memory in use before: 57.3 MB.
System memory in use after: 57.4 MB.

Unloading 5 unused Assets to reduce memory usage. Loaded Objects now: 1576.
Total: 1.442800 ms (FindLiveObjects: 0.122400 ms CreateObjectMapping: 0.036600 ms MarkObjects: 1.248500 ms  DeleteObjects: 0.034500 ms)

========================================================================
Received Prepare
Registering precompiled user dll's ...
Registered in 0.000536 seconds.
Begin MonoManager ReloadAssembly
Native extension for WindowsStandalone target not found
Refreshing native plugins compatible for Editor in 0.19 ms, found 0 plugins.
Preloading 0 native plugins for Editor in 0.00 ms.
Invoked RoslynAnalysisRunner static constructor.
RoslynAnalysisRunner will not be running.
RoslynAnalysisRunner has terminated.
Mono: successfully reloaded assembly
- Completed reload, in  0.759 seconds
Platform modules already initialized, skipping
Refreshing native plugins compatible for Editor in 0.20 ms, found 0 plugins.
Preloading 0 native plugins for Editor in 0.00 ms.
Unloading 1111 Unused Serialized files (Serialized files now loaded: 0)
System memory in use before: 57.3 MB.
System memory in use after: 57.4 MB.

Unloading 5 unused Assets to reduce memory usage. Loaded Objects now: 1579.
Total: 1.479400 ms (FindLiveObjects: 0.138600 ms CreateObjectMapping: 0.047300 ms MarkObjects: 1.252000 ms  DeleteObjects: 0.040600 ms)

AssetImportWorkerClient::OnTransportError - code=2 error=End of file
